<?xml version="1.0" encoding="UTF-8"?>
<testng-results ignored="0" total="1" passed="1" failed="0" skipped="0">
  <reporter-output>
  </reporter-output>
  <suite started-at="2025-09-04T23:05:54 BST" name="runnerFiles.runArgosTest" finished-at="2025-09-04T23:06:13 BST" duration-ms="19121">
    <groups>
      <group name="cucumber">
        <method signature="AbstractTestNGCucumberTests.runScenario(io.cucumber.testng.PickleWrapper,io.cucumber.testng.FeatureWrapper)[pri:0, instance:runnerFiles.runArgosTest@23529fee]" name="runScenario" class="io.cucumber.testng.AbstractTestNGCucumberTests"/>
      </group> <!-- cucumber -->
    </groups>
    <test started-at="2025-09-04T23:05:54 BST" name="Command line test" finished-at="2025-09-04T23:06:13 BST" duration-ms="19121">
      <class name="runnerFiles.runArgosTest">
        <test-method is-config="true" signature="setUpClass(org.testng.ITestContext)[pri:0, instance:runnerFiles.runArgosTest@23529fee]" started-at="2025-09-04T23:05:54 BST" name="setUpClass" finished-at="2025-09-04T23:05:55 BST" duration-ms="477" status="PASS">
          <params>
            <param index="0">
              <value>
                <![CDATA[org.testng.TestRunner@38b3f208]]>
              </value>
            </param>
          </params>
          <reporter-output>
          </reporter-output>
        </test-method> <!-- setUpClass -->
        <test-method signature="runScenario(io.cucumber.testng.PickleWrapper,io.cucumber.testng.FeatureWrapper)[pri:0, instance:runnerFiles.runArgosTest@23529fee]" started-at="2025-09-04T23:05:55 BST" name="runScenario" description="Runs Cucumber Scenarios" data-provider="scenarios" finished-at="2025-09-04T23:06:13 BST" duration-ms="18499" status="PASS">
          <params>
            <param index="0">
              <value>
                <![CDATA["Search and add product to Argos basket"]]>
              </value>
            </param>
            <param index="1">
              <value>
                <![CDATA["Argos Product Purchase Flow"]]>
              </value>
            </param>
          </params>
          <reporter-output>
          </reporter-output>
        </test-method> <!-- runScenario -->
        <test-method is-config="true" signature="tearDownClass()[pri:0, instance:runnerFiles.runArgosTest@23529fee]" started-at="2025-09-04T23:06:13 BST" name="tearDownClass" finished-at="2025-09-04T23:06:13 BST" duration-ms="80" status="PASS">
          <reporter-output>
          </reporter-output>
        </test-method> <!-- tearDownClass -->
      </class> <!-- runnerFiles.runArgosTest -->
    </test> <!-- Command line test -->
  </suite> <!-- runnerFiles.runArgosTest -->
</testng-results>
