<?xml version="1.0" encoding="UTF-8" ?>
<testsuite tests="1" failures="1" name="runnerFiles.runArgosTest" time="8.4" errors="0" skipped="0">
  <properties>
[...]
</properties>
  <testcase classname="runnerFiles.runArgosTest" name="runScenario" time="8.4">
    <failure message="Search results do not match expected product expected [true] but found [false]" type="java.lang.AssertionError">java.lang.AssertionError: Search results do not match expected product expected [true] but found [false]
	at org.testng.Assert.fail(Assert.java:111)
	at org.testng.Assert.failNotEquals(Assert.java:1590)
	at org.testng.Assert.assertTrue(Assert.java:57)
	at stepDefenition.argosDef.i_should_see_search_results_for(argosDef.java:46)
	at ✽.I should see search results for &quot;lenovo ideapad&quot;(file:///C:/Users/maria/eclipse-workspace/cucumber_maven_selenium/src/test/resources/featureFile/argos.feature:7)
</failure>
    <system-out>Configuring TestNG with: org.apache.maven.surefire.testng.conf.TestNG652Configurator@180bc464

Scenario: Search and add product to Argos basket          # file:///C:/Users/maria/eclipse-workspace/cucumber_maven_selenium/src/test/resources/featureFile/argos.feature:4
  âœ” Given I navigate to Argos website                     # stepDefenition.argosDef.i_navigate_to_Argos_website()
  âœ” When I search for &quot;lenovo ideapad&quot;                    # stepDefenition.argosDef.i_search_for_item(java.lang.String)
  âœ˜ Then I should see search results for &quot;lenovo ideapad&quot; # stepDefenition.argosDef.i_should_see_search_results_for(java.lang.String)
        java.lang.AssertionError: Search results do not match expected product expected [true] but found [false]
        	at org.testng.Assert.fail(Assert.java:111)
        	at org.testng.Assert.failNotEquals(Assert.java:1590)
        	at org.testng.Assert.assertTrue(Assert.java:57)
        	at stepDefenition.argosDef.i_should_see_search_results_for(argosDef.java:46)
        	at âœ½.I should see search results for &quot;lenovo ideapad&quot;(file:///C:/Users/maria/eclipse-workspace/cucumber_maven_selenium/src/test/resources/featureFile/argos.feature:7)
  â†· When I add the first product to the basket            # stepDefenition.argosDef.i_add_the_first_product_to_the_basket()
  â†· Then the product should be visible in the basket      # stepDefenition.argosDef.the_product_should_be_visible_in_the_basket()
  â†· When I increase the product quantity to 2             # stepDefenition.argosDef.i_increase_the_product_quantity_to()
  â†· Then the basket subtotal should be updated correctly  # stepDefenition.argosDef.the_basket_subtotal_should_be_updated_correctly()
</system-out>
    <system-err>SLF4J(W): No SLF4J providers were found.
SLF4J(W): Defaulting to no-operation (NOP) logger implementation
SLF4J(W): See https://www.slf4j.org/codes.html#noProviders for further details.
Sep 03, 2025 3:36:42 PM org.openqa.selenium.devtools.CdpVersionFinder findNearestMatch
WARNING: Unable to find CDP implementation matching 139
Sep 03, 2025 3:36:42 PM org.openqa.selenium.chromium.ChromiumDriver lambda$new$5
WARNING: Unable to find version of CDP to use for 139.0.7258.155. You may need to include a dependency on a specific version of the CDP using something similar to `org.seleniumhq.selenium:selenium-devtools-v86:4.14.0` where the version (&quot;v86&quot;) matches the version of the chromium-based browser you&apos;re using and the version number of the artifact is the same as Selenium&apos;s.
</system-err>
  </testcase>
</testsuite>